{
  "RSpec": {
    "coverage": {
      "/home/jolly/Remote_Assignment/time_tracker/backend/config/environment.rb": [
        null,
        1,
        null,
        null,
        1
      ],
      "/home/jolly/Remote_Assignment/time_tracker/backend/config/application.rb": [
        1,
        null,
        1,
        null,
        1,
        1,
        1,
        1,
        1,
        1,
        1,
        1,
        null,
        null,
        null,
        null,
        null,
        1,
        null,
        1,
        1,
        null,
        1,
        null,
        null,
        null,
        null,
        null,
        null,
        null,
        null,
        null,
        1,
        null,
        1,
        1,
        1,
        1,
        null,
        null,
        null,
        null
      ],
      "/home/jolly/Remote_Assignment/time_tracker/backend/config/boot.rb": [
        1,
        null,
        1,
        1
      ],
      "/home/jolly/Remote_Assignment/time_tracker/backend/config/environments/test.rb": [
        1,
        null,
        null,
        null,
        null,
        null,
        null,
        1,
        null,
        null,
        null,
        null,
        1,
        null,
        null,
        1,
        1,
        null,
        null,
        null,
        null,
        1,
        1,
        null,
        null,
        1,
        null,
        null,
        1,
        null,
        null,
        1,
        null,
        1,
        null,
        null,
        null,
        null,
        1,
        null,
        null,
        1,
        null,
        null,
        null,
        null
      ],
      "/home/jolly/Remote_Assignment/time_tracker/backend/config/initializers/application_controller_renderer.rb": [
        null,
        null,
        null,
        null,
        null,
        null,
        null,
        null
      ],
      "/home/jolly/Remote_Assignment/time_tracker/backend/config/initializers/backtrace_silencers.rb": [
        null,
        null,
        null,
        null,
        null,
        null,
        null
      ],
      "/home/jolly/Remote_Assignment/time_tracker/backend/config/initializers/cors.rb": [
        null,
        null,
        null,
        null,
        null,
        null,
        null,
        null,
        null,
        null,
        null,
        null,
        null,
        null,
        null,
        null
      ],
      "/home/jolly/Remote_Assignment/time_tracker/backend/config/initializers/filter_parameter_logging.rb": [
        null,
        null,
        null,
        1
      ],
      "/home/jolly/Remote_Assignment/time_tracker/backend/config/initializers/inflections.rb": [
        null,
        null,
        null,
        null,
        null,
        null,
        null,
        null,
        null,
        null,
        null,
        null,
        null,
        null,
        null,
        null
      ],
      "/home/jolly/Remote_Assignment/time_tracker/backend/config/initializers/mime_types.rb": [
        null,
        null,
        null,
        null
      ],
      "/home/jolly/Remote_Assignment/time_tracker/backend/config/initializers/wrap_parameters.rb": [
        null,
        null,
        null,
        null,
        null,
        null,
        1,
        2,
        null,
        null,
        null,
        null,
        null,
        null
      ],
      "/home/jolly/Remote_Assignment/time_tracker/backend/config/routes.rb": [
        1,
        1,
        1,
        1,
        null,
        null,
        null
      ],
      "/home/jolly/Remote_Assignment/time_tracker/backend/app/models/task.rb": [
        1,
        1,
        1,
        null,
        1,
        0,
        null,
        null
      ],
      "/home/jolly/Remote_Assignment/time_tracker/backend/app/models/application_record.rb": [
        1,
        1,
        null
      ],
      "/home/jolly/Remote_Assignment/time_tracker/backend/app/controllers/api/v1/tasks_controller.rb": [
        1,
        1,
        1,
        null,
        1,
        2,
        2,
        null,
        2,
        null,
        null,
        1,
        3,
        null,
        3,
        2,
        null,
        1,
        null,
        null,
        null,
        1,
        null,
        1,
        3,
        null,
        null,
        1,
        null,
        null,
        null,
        4,
        null,
        null,
        null
      ],
      "/home/jolly/Remote_Assignment/time_tracker/backend/app/controllers/application_controller.rb": [
        1,
        null
      ]
    },
    "timestamp": 1527528598
  }
}
